2026-04-03 22:36:39,031 [INFO] Fetching all passenger vehicles from https://monroe.com.au/wp-json/parts-search/v1/proxy/vehicles/p/au/...
2026-04-03 22:36:40,688 [INFO] Retrieved 8115 passenger vehicles
2026-04-03 22:36:40,693 [INFO] Processing 8115 Passenger vehicles...
2026-04-03 22:36:40,693 [INFO] [1/8115] ABARTH 500 / 595 / 695 1.4 (312.AXF11, 312.AXF1A)
2026-04-03 22:37:26,670 [INFO] Fetching all passenger vehicles from https://monroe.com.au/wp-json/parts-search/v1/proxy/vehicles/p/au/...
2026-04-03 22:37:27,097 [INFO] Retrieved 8115 passenger vehicles
2026-04-03 22:37:27,100 [INFO] Processing 8115 Passenger vehicles...
2026-04-03 22:37:27,103 [INFO] [1/8115] ABARTH 500 / 595 / 695 1.4 (312.AXF11, 312.AXF1A)
2026-04-03 22:38:29,194 [INFO] Fetching all passenger vehicles from https://monroe.com.au/wp-json/parts-search/v1/proxy/vehicles/p/au/...
2026-04-03 22:38:29,595 [INFO] Retrieved 8115 passenger vehicles
2026-04-03 22:38:29,597 [INFO] Processing 8115 Passenger vehicles...
2026-04-03 22:38:29,597 [INFO] [1/8115] ABARTH 500 / 595 / 695 1.4 (312.AXF11, 312.AXF1A)
2026-04-03 22:39:37,937 [INFO] [101/8115] AUDI 80 B2 Sedan (811, 813, 814, 819, 853) 1.8 CC quattro (85Q)
2026-04-03 22:40:38,887 [INFO] [101/8115] AUDI 80 B2 Sedan (811, 813, 814, 819, 853) 1.8 CC quattro (85Q)
2026-04-03 22:42:05,809 [INFO] [101/8115] AUDI 80 B2 Sedan (811, 813, 814, 819, 853) 1.8 CC quattro (85Q)
2026-04-03 22:43:33,293 [INFO] [201/8115] AUDI A3 Convertible (8V7, 8VE) 2.0 TDI
2026-04-03 22:44:31,450 [INFO] [201/8115] AUDI A3 Convertible (8V7, 8VE) 2.0 TDI
2026-04-03 22:45:40,743 [INFO] [201/8115] AUDI A3 Convertible (8V7, 8VE) 2.0 TDI
2026-04-03 22:46:48,649 [INFO] [301/8115] AUDI A4 B6 (8E2) 3.0
2026-04-03 22:47:44,257 [INFO] [301/8115] AUDI A4 B6 (8E2) 3.0
2026-04-03 22:48:48,958 [INFO] [301/8115] AUDI A4 B6 (8E2) 3.0
2026-04-03 22:49:53,341 [INFO] [401/8115] AUDI A4 B9 Avant (8W5, 8WD) RS4 quattro
2026-04-03 22:50:40,746 [INFO] [401/8115] AUDI A4 B9 Avant (8W5, 8WD) RS4 quattro
2026-04-03 22:51:40,421 [INFO] [401/8115] AUDI A4 B9 Avant (8W5, 8WD) RS4 quattro
2026-04-03 22:52:43,118 [INFO] [501/8115] AUDI A8 D5 (4N2, 4N8, 4NC, 4NL) 55 TFSI Mild Hybrid quattro
2026-04-03 22:53:36,053 [INFO] [501/8115] AUDI A8 D5 (4N2, 4N8, 4NC, 4NL) 55 TFSI Mild Hybrid quattro
2026-04-03 22:54:34,557 [INFO] [501/8115] AUDI A8 D5 (4N2, 4N8, 4NC, 4NL) 55 TFSI Mild Hybrid quattro
2026-04-03 22:55:40,775 [INFO] [601/8115] AUDI TT Roadster (FV9, FVR) 2.0 TTS TFSI quattro
2026-04-03 22:56:28,296 [INFO] [601/8115] AUDI TT Roadster (FV9, FVR) 2.0 TTS TFSI quattro
2026-04-03 22:57:27,998 [INFO] [601/8115] AUDI TT Roadster (FV9, FVR) 2.0 TTS TFSI quattro
2026-04-03 22:58:32,170 [INFO] [701/8115] BMW 3 Compact (E36) 318 ti
2026-04-03 22:59:15,980 [INFO] [701/8115] BMW 3 Compact (E36) 318 ti
2026-04-03 23:00:17,611 [INFO] [701/8115] BMW 3 Compact (E36) 318 ti
2026-04-03 23:01:22,419 [INFO] [801/8115] BMW 3 Sedan (E46) 330 d
2026-04-03 23:02:07,394 [INFO] [801/8115] BMW 3 Sedan (E46) 330 d
2026-04-03 23:03:08,340 [INFO] [801/8115] BMW 3 Sedan (E46) 330 d
2026-04-03 23:04:23,707 [INFO] [901/8115] BMW 5 Sedan (E12) 520 i
2026-04-03 23:05:14,979 [INFO] [901/8115] BMW 5 Sedan (E12) 520 i
2026-04-03 23:06:18,595 [INFO] [901/8115] BMW 5 Sedan (E12) 520 i
2026-04-03 23:07:23,752 [INFO] [1001/8115] BMW X3 (F25) xDrive 20 i
2026-04-03 23:08:11,454 [INFO] [1001/8115] BMW X3 (F25) xDrive 20 i
2026-04-03 23:09:11,056 [INFO] [1001/8115] BMW X3 (F25) xDrive 20 i
2026-04-03 23:10:15,901 [INFO] [1101/8115] CHEVROLET CORVETTE Convertible (C2) 5.4
2026-04-03 23:11:01,234 [INFO] [1101/8115] CHEVROLET CORVETTE Convertible (C2) 5.4
2026-04-03 23:12:01,368 [INFO] [1101/8115] CHEVROLET CORVETTE Convertible (C2) 5.4
2026-04-03 23:13:06,954 [INFO] [1201/8115] CHRYSLER VALIANT Wagon (CL) 5.2
2026-04-03 23:13:56,411 [INFO] [1201/8115] CHRYSLER VALIANT Wagon (CL) 5.2
2026-04-03 23:14:55,591 [INFO] [1201/8115] CHRYSLER VALIANT Wagon (CL) 5.2
2026-04-03 23:16:06,927 [INFO] [1301/8115] CITROËN DS3 (SA_) 1.6 THP 155
2026-04-03 23:16:51,397 [INFO] [1301/8115] CITROËN DS3 (SA_) 1.6 THP 155
2026-04-03 23:17:49,841 [INFO] [1301/8115] CITROËN DS3 (SA_) 1.6 THP 155
2026-04-03 23:19:10,054 [INFO] [1401/8115] DODGE NITRO 2.8 CRD 4WD
2026-04-03 23:19:54,438 [INFO] [1401/8115] DODGE NITRO 2.8 CRD 4WD
2026-04-03 23:20:59,941 [INFO] [1401/8115] DODGE NITRO 2.8 CRD 4WD
2026-04-03 23:22:09,586 [INFO] [1501/8115] FORD AUSTRALIA CORTINA Wagon (TD) 3.3 200ci
2026-04-03 23:22:53,314 [INFO] [1501/8115] FORD AUSTRALIA CORTINA Wagon (TD) 3.3 200ci
2026-04-03 23:23:57,358 [INFO] [1501/8115] FORD AUSTRALIA CORTINA Wagon (TD) 3.3 200ci
2026-04-03 23:25:05,300 [INFO] [1601/8115] FORD AUSTRALIA F-150 Ute 4.9
2026-04-03 23:25:44,121 [INFO] [1601/8115] FORD AUSTRALIA F-150 Ute 4.9
2026-04-03 23:26:44,156 [INFO] [1601/8115] FORD AUSTRALIA F-150 Ute 4.9
2026-04-03 23:27:51,767 [INFO] [1701/8115] FORD AUSTRALIA FAIRMONT Sedan (ED) 4.0 MPFI
2026-04-03 23:28:31,006 [INFO] [1701/8115] FORD AUSTRALIA FAIRMONT Sedan (ED) 4.0 MPFI
2026-04-03 23:29:32,277 [INFO] [1701/8115] FORD AUSTRALIA FAIRMONT Sedan (ED) 4.0 MPFI
2026-04-03 23:30:42,157 [INFO] [1801/8115] FORD AUSTRALIA FALCON Panel Van (XF) 3.3 200ci ULP
2026-04-03 23:31:21,688 [INFO] [1801/8115] FORD AUSTRALIA FALCON Panel Van (XF) 3.3 200ci ULP
2026-04-03 23:32:23,556 [INFO] [1801/8115] FORD AUSTRALIA FALCON Panel Van (XF) 3.3 200ci ULP
2026-04-03 23:33:37,054 [INFO] [1901/8115] FORD AUSTRALIA FALCON Sedan (XB) 3.3 200ci
2026-04-03 23:34:16,084 [INFO] [1901/8115] FORD AUSTRALIA FALCON Sedan (XB) 3.3 200ci
2026-04-03 23:35:18,639 [INFO] [1901/8115] FORD AUSTRALIA FALCON Sedan (XB) 3.3 200ci
2026-04-03 23:36:27,453 [INFO] [2001/8115] FORD AUSTRALIA FALCON Ute (XG) 4.0 EFI
2026-04-03 23:37:07,277 [INFO] [2001/8115] FORD AUSTRALIA FALCON Ute (XG) 4.0 EFI
2026-04-03 23:38:08,963 [INFO] [2001/8115] FORD AUSTRALIA FALCON Ute (XG) 4.0 EFI
2026-04-03 23:39:17,293 [INFO] [2101/8115] FORD AUSTRALIA FESTIVA (WF) 1.5 i
2026-04-03 23:39:57,286 [INFO] [2101/8115] FORD AUSTRALIA FESTIVA (WF) 1.5 i
2026-04-03 23:40:59,532 [INFO] [2101/8115] FORD AUSTRALIA FESTIVA (WF) 1.5 i
2026-04-03 23:42:07,963 [INFO] [2201/8115] FORD AUSTRALIA LTD Sedan (DC) 4.0 MPFI
2026-04-03 23:42:48,132 [INFO] [2201/8115] FORD AUSTRALIA LTD Sedan (DC) 4.0 MPFI
2026-04-03 23:43:53,949 [INFO] [2201/8115] FORD AUSTRALIA LTD Sedan (DC) 4.0 MPFI
2026-04-03 23:45:04,049 [INFO] [2301/8115] FORD AUSTRALIA TELSTAR Sedan (AS) 2.0 TX5
2026-04-03 23:45:45,432 [INFO] [2301/8115] FORD AUSTRALIA TELSTAR Sedan (AS) 2.0 TX5
2026-04-03 23:46:47,018 [INFO] [2301/8115] FORD AUSTRALIA TELSTAR Sedan (AS) 2.0 TX5
2026-04-03 23:47:57,712 [INFO] [2401/8115] FORD USA F-250 7.3 TDi
2026-04-03 23:48:36,702 [INFO] [2401/8115] FORD USA F-250 7.3 TDi
2026-04-03 23:49:35,854 [INFO] [2401/8115] FORD USA F-250 7.3 TDi
2026-04-03 23:50:45,562 [INFO] [2501/8115] HOLDEN BARINA Hatchback (MB) 1.3 GL
2026-04-03 23:51:26,398 [INFO] [2501/8115] HOLDEN BARINA Hatchback (MB) 1.3 GL
2026-04-03 23:52:25,880 [INFO] [2501/8115] HOLDEN BARINA Hatchback (MB) 1.3 GL
2026-04-03 23:53:42,035 [INFO] [2601/8115] HOLDEN CAPRICE Sedan (VS) 3.8 i V6
2026-04-03 23:54:21,321 [INFO] [2601/8115] HOLDEN CAPRICE Sedan (VS) 3.8 i V6
2026-04-03 23:55:19,584 [INFO] [2601/8115] HOLDEN CAPRICE Sedan (VS) 3.8 i V6
2026-04-03 23:56:30,954 [INFO] [2701/8115] HOLDEN COMMODORE Sedan (VH) 3.3
2026-04-03 23:57:09,729 [INFO] [2701/8115] HOLDEN COMMODORE Sedan (VH) 3.3
2026-04-03 23:58:07,982 [INFO] [2701/8115] HOLDEN COMMODORE Sedan (VH) 3.3
2026-04-03 23:59:18,464 [INFO] [2801/8115] HOLDEN COMMODORE Wagon (VF) 3.0 i V6 Flexfuel
2026-04-03 23:59:58,056 [INFO] [2801/8115] HOLDEN COMMODORE Wagon (VF) 3.0 i V6 Flexfuel
2026-04-04 00:00:55,552 [INFO] [2801/8115] HOLDEN COMMODORE Wagon (VF) 3.0 i V6 Flexfuel
2026-04-04 00:02:07,510 [INFO] [2901/8115] HOLDEN FRONTERA (UES) 2.2 i 4x4 (UES30)
2026-04-04 00:02:46,620 [INFO] [2901/8115] HOLDEN FRONTERA (UES) 2.2 i 4x4 (UES30)
2026-04-04 00:03:50,174 [INFO] [2901/8115] HOLDEN FRONTERA (UES) 2.2 i 4x4 (UES30)
2026-04-04 00:05:03,239 [INFO] [3001/8115] HOLDEN H SERIES Sedan (HZ) 4.2
2026-04-04 00:05:44,481 [INFO] [3001/8115] HOLDEN H SERIES Sedan (HZ) 4.2
2026-04-04 00:06:43,690 [INFO] [3001/8115] HOLDEN H SERIES Sedan (HZ) 4.2
2026-04-04 00:07:55,269 [INFO] [3101/8115] HOLDEN MONARO Coupe (HG) 5.7
2026-04-04 00:08:36,474 [INFO] [3101/8115] HOLDEN MONARO Coupe (HG) 5.7
2026-04-04 00:09:34,686 [INFO] [3101/8115] HOLDEN MONARO Coupe (HG) 5.7
2026-04-04 00:10:49,671 [INFO] [3201/8115] HOLDEN RODEO Ute (RA) 3.0 TD 4x4 (TFS77)
2026-04-04 00:11:27,584 [INFO] [3201/8115] HOLDEN RODEO Ute (RA) 3.0 TD 4x4 (TFS77)
2026-04-04 00:12:27,342 [INFO] [3201/8115] HOLDEN RODEO Ute (RA) 3.0 TD 4x4 (TFS77)
2026-04-04 00:13:52,892 [INFO] [3301/8115] HOLDEN VECTRA Hatchback (ZC) 2.2 i
2026-04-04 00:14:33,613 [INFO] [3301/8115] HOLDEN VECTRA Hatchback (ZC) 2.2 i
2026-04-04 00:15:34,271 [INFO] [3301/8115] HOLDEN VECTRA Hatchback (ZC) 2.2 i
2026-04-04 00:15:39,307 [ERROR]   Error fetching articles for carId 107634: Expecting value: line 1 column 1 (char 0)
2026-04-04 00:16:17,907 [ERROR]   Error fetching articles for carId 107634: Expecting value: line 1 column 1 (char 0)
2026-04-04 00:16:49,447 [INFO] [3401/8115] HONDA HR-V Wagon (RU) 1.8 (RU58)
2026-04-04 00:17:16,837 [ERROR]   Error fetching articles for carId 107634: Expecting value: line 1 column 1 (char 0)
2026-04-04 00:17:26,094 [INFO] [3401/8115] HONDA HR-V Wagon (RU) 1.8 (RU58)
2026-04-04 00:18:26,105 [INFO] [3401/8115] HONDA HR-V Wagon (RU) 1.8 (RU58)
2026-04-04 00:19:40,986 [INFO] [3501/8115] HYUNDAI KONA (OS, OSE, OSI) 2.0
2026-04-04 00:20:18,354 [INFO] [3501/8115] HYUNDAI KONA (OS, OSE, OSI) 2.0
2026-04-04 00:21:16,700 [INFO] [3501/8115] HYUNDAI KONA (OS, OSE, OSI) 2.0
2026-04-04 00:22:31,237 [INFO] [3601/8115] ISUZU D-MAX III (TFR, TFS) 3.0 DDI 4x4
2026-04-04 00:23:07,694 [INFO] [3601/8115] ISUZU D-MAX III (TFR, TFS) 3.0 DDI 4x4
2026-04-04 00:24:10,892 [INFO] [3601/8115] ISUZU D-MAX III (TFR, TFS) 3.0 DDI 4x4
2026-04-04 00:25:25,617 [INFO] [3701/8115] JEEP CHEROKEE (KJ) 2.5 CRD 4x4
2026-04-04 00:26:00,138 [INFO] [3701/8115] JEEP CHEROKEE (KJ) 2.5 CRD 4x4
2026-04-04 00:26:58,368 [INFO] [3701/8115] JEEP CHEROKEE (KJ) 2.5 CRD 4x4
2026-04-04 00:28:12,599 [INFO] [3801/8115] KIA OPTIMA I Sedan (GD, MS) 2.5 V6
2026-04-04 00:28:46,782 [INFO] [3801/8115] KIA OPTIMA I Sedan (GD, MS) 2.5 V6
2026-04-04 00:29:46,185 [INFO] [3801/8115] KIA OPTIMA I Sedan (GD, MS) 2.5 V6
2026-04-04 00:31:00,052 [INFO] [3901/8115] LAND ROVER DISCOVERY II (L318) 4.0 V8 4x4
2026-04-04 00:31:34,554 [INFO] [3901/8115] LAND ROVER DISCOVERY II (L318) 4.0 V8 4x4
2026-04-04 00:32:33,919 [INFO] [3901/8115] LAND ROVER DISCOVERY II (L318) 4.0 V8 4x4
2026-04-04 00:33:53,408 [INFO] [4001/8115] LAND ROVER RANGE ROVER SPORT I (L320) 3.6 D 4x4
2026-04-04 00:34:27,600 [INFO] [4001/8115] LAND ROVER RANGE ROVER SPORT I (L320) 3.6 D 4x4
2026-04-04 00:35:27,791 [INFO] [4001/8115] LAND ROVER RANGE ROVER SPORT I (L320) 3.6 D 4x4
2026-04-04 00:36:42,639 [INFO] [4101/8115] MAZDA 3 Sedan (BP_) 2.0 SKYACTIV-X M Hybrid (BP2S)
2026-04-04 00:37:16,987 [INFO] [4101/8115] MAZDA 3 Sedan (BP_) 2.0 SKYACTIV-X M Hybrid (BP2S)
2026-04-04 00:38:18,723 [INFO] [4101/8115] MAZDA 3 Sedan (BP_) 2.0 SKYACTIV-X M Hybrid (BP2S)
2026-04-04 00:39:34,088 [INFO] [4201/8115] MAZDA B-SERIES Platform/Chassis (UF) 2.0 B2000
2026-04-04 00:40:09,430 [INFO] [4201/8115] MAZDA B-SERIES Platform/Chassis (UF) 2.0 B2000
2026-04-04 00:41:09,821 [INFO] [4201/8115] MAZDA B-SERIES Platform/Chassis (UF) 2.0 B2000
2026-04-04 00:42:24,174 [INFO] [4301/8115] MAZDA RX-7 III (FD) 1.3 Twin Turbo (FD3S, FD1031)
2026-04-04 00:42:57,903 [INFO] [4301/8115] MAZDA RX-7 III (FD) 1.3 Twin Turbo (FD3S, FD1031)
2026-04-04 00:44:04,084 [INFO] [4301/8115] MAZDA RX-7 III (FD) 1.3 Twin Turbo (FD3S, FD1031)
2026-04-04 00:45:17,204 [INFO] [4401/8115] MERCEDES-BENZ 190 Sedan (W201) E 2.3
2026-04-04 00:45:51,215 [INFO] [4401/8115] MERCEDES-BENZ 190 Sedan (W201) E 2.3
2026-04-04 00:46:52,700 [INFO] [4401/8115] MERCEDES-BENZ 190 Sedan (W201) E 2.3
2026-04-04 00:48:06,820 [INFO] [4501/8115] MERCEDES-BENZ C-CLASS Coupe (C204) C 250 CDI (204.303)
2026-04-04 00:48:41,916 [INFO] [4501/8115] MERCEDES-BENZ C-CLASS Coupe (C204) C 250 CDI (204.303)
2026-04-04 00:49:42,028 [INFO] [4501/8115] MERCEDES-BENZ C-CLASS Coupe (C204) C 250 CDI (204.303)
2026-04-04 00:50:55,605 [INFO] [4601/8115] MERCEDES-BENZ C-CLASS T-Model (S202) C 43 AMG (202.093)
2026-04-04 00:51:31,176 [INFO] [4601/8115] MERCEDES-BENZ C-CLASS T-Model (S202) C 43 AMG (202.093)
2026-04-04 00:52:34,204 [INFO] [4601/8115] MERCEDES-BENZ C-CLASS T-Model (S202) C 43 AMG (202.093)
2026-04-04 00:53:53,174 [INFO] [4701/8115] MERCEDES-BENZ CLK Convertible (A209) CLK 200 Kompressor (209.441)
2026-04-04 00:54:26,155 [INFO] [4701/8115] MERCEDES-BENZ CLK Convertible (A209) CLK 200 Kompressor (209.441)
2026-04-04 00:55:28,647 [INFO] [4701/8115] MERCEDES-BENZ CLK Convertible (A209) CLK 200 Kompressor (209.441)
2026-04-04 00:56:42,288 [INFO] [4801/8115] MERCEDES-BENZ E-CLASS Sedan (W211) E 280 (211.054)
2026-04-04 00:57:14,362 [INFO] [4801/8115] MERCEDES-BENZ E-CLASS Sedan (W211) E 280 (211.054)
2026-04-04 00:58:17,427 [INFO] [4801/8115] MERCEDES-BENZ E-CLASS Sedan (W211) E 280 (211.054)
2026-04-04 00:59:30,393 [INFO] [4901/8115] MERCEDES-BENZ GLA-CLASS (X156) GLA 200 CDI 4-matic (156.902)
2026-04-04 01:00:02,602 [INFO] [4901/8115] MERCEDES-BENZ GLA-CLASS (X156) GLA 200 CDI 4-matic (156.902)
2026-04-04 01:01:07,659 [INFO] [4901/8115] MERCEDES-BENZ GLA-CLASS (X156) GLA 200 CDI 4-matic (156.902)
2026-04-04 01:02:27,417 [INFO] [5001/8115] MERCEDES-BENZ S-CLASS Sedan (W108, W109) 300 SEL 3.5 (109.056)
2026-04-04 01:03:00,708 [INFO] [5001/8115] MERCEDES-BENZ S-CLASS Sedan (W108, W109) 300 SEL 3.5 (109.056)
2026-04-04 01:04:10,733 [INFO] [5001/8115] MERCEDES-BENZ S-CLASS Sedan (W108, W109) 300 SEL 3.5 (109.056)
2026-04-04 01:05:25,979 [INFO] [5101/8115] MERCEDES-BENZ SPRINTER 3-t Van (B903) 316 CDI 4x4 (903.662, 903.663)
2026-04-04 01:05:55,293 [INFO] [5101/8115] MERCEDES-BENZ SPRINTER 3-t Van (B903) 316 CDI 4x4 (903.662, 903.663)
2026-04-04 01:07:00,568 [INFO] [5101/8115] MERCEDES-BENZ SPRINTER 3-t Van (B903) 316 CDI 4x4 (903.662, 903.663)
2026-04-04 01:08:15,399 [INFO] [5201/8115] MERCEDES-BENZ VITO Van (W638) 114 2.3 (638.034, 638.094)
2026-04-04 01:08:44,645 [INFO] [5201/8115] MERCEDES-BENZ VITO Van (W638) 114 2.3 (638.034, 638.094)
2026-04-04 01:09:52,175 [INFO] [5201/8115] MERCEDES-BENZ VITO Van (W638) 114 2.3 (638.034, 638.094)
2026-04-04 01:11:11,845 [INFO] [5301/8115] MITSUBISHI COLT II (C1_A, RB, RC) 1.4 (C12A)
2026-04-04 01:11:41,286 [INFO] [5301/8115] MITSUBISHI COLT II (C1_A, RB, RC) 1.4 (C12A)
2026-04-04 01:12:46,466 [INFO] [5301/8115] MITSUBISHI COLT II (C1_A, RB, RC) 1.4 (C12A)
2026-04-04 01:14:11,195 [INFO] [5401/8115] MITSUBISHI MAGNA Sedan (TN) 2.6
2026-04-04 01:14:39,516 [INFO] [5401/8115] MITSUBISHI MAGNA Sedan (TN) 2.6
2026-04-04 01:15:44,694 [INFO] [5401/8115] MITSUBISHI MAGNA Sedan (TN) 2.6
2026-04-04 01:17:04,013 [INFO] [5501/8115] MITSUBISHI SIGMA Wagon (GN) 2.6
2026-04-04 01:17:29,477 [INFO] [5501/8115] MITSUBISHI SIGMA Wagon (GN) 2.6
2026-04-04 01:18:35,730 [INFO] [5501/8115] MITSUBISHI SIGMA Wagon (GN) 2.6
2026-04-04 01:19:52,280 [INFO] [5601/8115] NISSAN BLUEBIRD Sedan (910) 2.0
2026-04-04 01:20:18,858 [INFO] [5601/8115] NISSAN BLUEBIRD Sedan (910) 2.0
2026-04-04 01:21:24,891 [INFO] [5601/8115] NISSAN BLUEBIRD Sedan (910) 2.0
2026-04-04 01:22:40,669 [INFO] [5701/8115] NISSAN NAVARA Platform/Chassis (D21) 2.4
2026-04-04 01:23:06,303 [INFO] [5701/8115] NISSAN NAVARA Platform/Chassis (D21) 2.4
2026-04-04 01:24:18,386 [INFO] [5701/8115] NISSAN NAVARA Platform/Chassis (D21) 2.4
2026-04-04 01:25:37,266 [INFO] [5801/8115] NISSAN PULSAR V Liftback (N14) 2.0 i 16V
2026-04-04 01:26:04,062 [INFO] [5801/8115] NISSAN PULSAR V Liftback (N14) 2.0 i 16V
2026-04-04 01:27:09,256 [INFO] [5801/8115] NISSAN PULSAR V Liftback (N14) 2.0 i 16V
2026-04-04 01:28:26,797 [INFO] [5901/8115] PEUGEOT 207 (WA_, WC_) 1.6 16V VTi
2026-04-04 01:28:52,565 [INFO] [5901/8115] PEUGEOT 207 (WA_, WC_) 1.6 16V VTi
2026-04-04 01:29:58,115 [INFO] [5901/8115] PEUGEOT 207 (WA_, WC_) 1.6 16V VTi
2026-04-04 01:31:14,042 [INFO] [6001/8115] PEUGEOT 308 SW I Wagon (4E_, 4H_) 1.6 HDi
2026-04-04 01:31:40,180 [INFO] [6001/8115] PEUGEOT 308 SW I Wagon (4E_, 4H_) 1.6 HDi
2026-04-04 01:32:46,316 [INFO] [6001/8115] PEUGEOT 308 SW I Wagon (4E_, 4H_) 1.6 HDi
2026-04-04 01:34:09,303 [INFO] [6101/8115] PEUGEOT 504 Sedan (A_, M_) 2.0 (A11, A13, MY1, MY3)
2026-04-04 01:34:35,444 [INFO] [6101/8115] PEUGEOT 504 Sedan (A_, M_) 2.0 (A11, A13, MY1, MY3)
2026-04-04 01:35:40,852 [INFO] [6101/8115] PEUGEOT 504 Sedan (A_, M_) 2.0 (A11, A13, MY1, MY3)
2026-04-04 01:36:57,366 [INFO] [6201/8115] PROTON PERSONA Sedan (C9_S) 415 GLi/GLSi
2026-04-04 01:37:23,948 [INFO] [6201/8115] PROTON PERSONA Sedan (C9_S) 415 GLi/GLSi
2026-04-04 01:38:28,532 [INFO] [6201/8115] PROTON PERSONA Sedan (C9_S) 415 GLi/GLSi
2026-04-04 01:39:46,296 [INFO] [6301/8115] RENAULT MASTER III Van (FV) 2.3 dCi 145 FWD (FV0E, FV0F, FV0H, FV02, FV0M, FV0S,...
2026-04-04 01:40:12,931 [INFO] [6301/8115] RENAULT MASTER III Van (FV) 2.3 dCi 145 FWD (FV0E, FV0F, FV0H, FV02, FV0M, FV0S,...
2026-04-04 01:41:17,972 [INFO] [6301/8115] RENAULT MASTER III Van (FV) 2.3 dCi 145 FWD (FV0E, FV0F, FV0H, FV02, FV0M, FV0S,...
2026-04-04 01:42:39,436 [INFO] [6401/8115] SAAB 9-3 Convertible (YS3F) 2.8 Turbo V6
2026-04-04 01:43:03,378 [INFO] [6401/8115] SAAB 9-3 Convertible (YS3F) 2.8 Turbo V6
2026-04-04 01:44:14,069 [INFO] [6401/8115] SAAB 9-3 Convertible (YS3F) 2.8 Turbo V6
2026-04-04 01:45:33,552 [INFO] [6501/8115] SEAT CORDOBA Sedan (6K1, 6K2) 1.8 i
2026-04-04 01:45:57,688 [INFO] [6501/8115] SEAT CORDOBA Sedan (6K1, 6K2) 1.8 i
2026-04-04 01:47:02,122 [INFO] [6501/8115] SEAT CORDOBA Sedan (6K1, 6K2) 1.8 i
2026-04-04 01:48:26,285 [INFO] [6601/8115] SKODA SUPERB II Wagon (3T5) 1.8 TSI
2026-04-04 01:48:50,677 [INFO] [6601/8115] SKODA SUPERB II Wagon (3T5) 1.8 TSI
2026-04-04 01:49:54,796 [INFO] [6601/8115] SKODA SUPERB II Wagon (3T5) 1.8 TSI
2026-04-04 01:51:17,215 [INFO] [6701/8115] SUBARU LEONE II Wagon 1800 4WD (AM)
2026-04-04 01:51:40,633 [INFO] [6701/8115] SUBARU LEONE II Wagon 1800 4WD (AM)
2026-04-04 01:52:44,038 [INFO] [6701/8115] SUBARU LEONE II Wagon 1800 4WD (AM)
2026-04-04 01:54:12,423 [INFO] [6801/8115] SUZUKI GRAND VITARA II Wagon Hardtop (JT, TE, TD) 3.2 All-wheel Drive (JB632, TDB4)
2026-04-04 01:54:34,993 [INFO] [6801/8115] SUZUKI GRAND VITARA II Wagon Hardtop (JT, TE, TD) 3.2 All-wheel Drive (JB632, TDB4)
2026-04-04 01:55:36,026 [INFO] [6801/8115] SUZUKI GRAND VITARA II Wagon Hardtop (JT, TE, TD) 3.2 All-wheel Drive (JB632, TDB4)
2026-04-04 01:56:59,382 [INFO] [6901/8115] TOYOTA CAMRY Sedan (_V2_) 3.0 Vienta (MCV20)
2026-04-04 01:57:21,708 [INFO] [6901/8115] TOYOTA CAMRY Sedan (_V2_) 3.0 Vienta (MCV20)
2026-04-04 01:58:27,045 [INFO] [6901/8115] TOYOTA CAMRY Sedan (_V2_) 3.0 Vienta (MCV20)
2026-04-04 02:00:02,507 [INFO] [7001/8115] TOYOTA COROLLA Wagon (_E12_) 1.8 (ZZE122_, ZZE122R)
2026-04-04 02:00:25,373 [INFO] [7001/8115] TOYOTA COROLLA Wagon (_E12_) 1.8 (ZZE122_, ZZE122R)
2026-04-04 02:01:31,603 [INFO] [7001/8115] TOYOTA COROLLA Wagon (_E12_) 1.8 (ZZE122_, ZZE122R)
2026-04-04 02:02:56,537 [INFO] [7101/8115] TOYOTA HILUX IV Ute (_N5_, _N6_) 2.0 (YN57, YN60)
2026-04-04 02:03:18,959 [INFO] [7101/8115] TOYOTA HILUX IV Ute (_N5_, _N6_) 2.0 (YN57, YN60)
2026-04-04 02:04:31,188 [INFO] [7101/8115] TOYOTA HILUX IV Ute (_N5_, _N6_) 2.0 (YN57, YN60)
2026-04-04 02:05:52,007 [INFO] [7201/8115] TOYOTA LAND CRUISER (_J7_, _JL7_) 3.5 D 4x4 (PZJ70, PZJ73, PZJ70RV)
2026-04-04 02:06:12,675 [INFO] [7201/8115] TOYOTA LAND CRUISER (_J7_, _JL7_) 3.5 D 4x4 (PZJ70, PZJ73, PZJ70RV)
2026-04-04 02:07:20,553 [INFO] [7201/8115] TOYOTA LAND CRUISER (_J7_, _JL7_) 3.5 D 4x4 (PZJ70, PZJ73, PZJ70RV)
2026-04-04 02:08:40,053 [INFO] [7301/8115] TOYOTA TARAGO (CR2_, YR2_, YR3_) 1.8 De Luxe (YR20RG)
2026-04-04 02:09:00,722 [INFO] [7301/8115] TOYOTA TARAGO (CR2_, YR2_, YR3_) 1.8 De Luxe (YR20RG)
2026-04-04 02:10:09,086 [INFO] [7301/8115] TOYOTA TARAGO (CR2_, YR2_, YR3_) 1.8 De Luxe (YR20RG)
2026-04-04 02:11:39,319 [INFO] [7401/8115] VOLVO 850 (854) 2.4
2026-04-04 02:12:00,573 [INFO] [7401/8115] VOLVO 850 (854) 2.4
2026-04-04 02:13:15,361 [INFO] [7401/8115] VOLVO 850 (854) 2.4
2026-04-04 02:14:51,250 [INFO] [7501/8115] VOLVO S60 II (134) D4 AWD
2026-04-04 02:15:13,028 [INFO] [7501/8115] VOLVO S60 II (134) D4 AWD
2026-04-04 02:16:27,859 [INFO] [7501/8115] VOLVO S60 II (134) D4 AWD
2026-04-04 02:17:54,645 [INFO] [7601/8115] VOLVO XC40 (536) T5 Plug-in Hybrid
2026-04-04 02:18:14,026 [INFO] [7601/8115] VOLVO XC40 (536) T5 Plug-in Hybrid
2026-04-04 02:19:22,684 [INFO] [7601/8115] VOLVO XC40 (536) T5 Plug-in Hybrid
2026-04-04 02:20:47,545 [INFO] [7701/8115] VW BORA I Sedan (1J2) 1.6
2026-04-04 02:21:06,280 [INFO] [7701/8115] VW BORA I Sedan (1J2) 1.6
2026-04-04 02:22:13,427 [INFO] [7701/8115] VW BORA I Sedan (1J2) 1.6
2026-04-04 02:23:41,289 [INFO] [7801/8115] VW GOLF VI (5K1) 1.4 TSI
2026-04-04 02:23:58,729 [INFO] [7801/8115] VW GOLF VI (5K1) 1.4 TSI
2026-04-04 02:25:07,792 [INFO] [7801/8115] VW GOLF VI (5K1) 1.4 TSI
2026-04-04 02:26:36,938 [INFO] [7901/8115] VW PASSAT B5.5 Sedan (3B3) 2.8 4motion
2026-04-04 02:26:51,793 [INFO] [7901/8115] VW PASSAT B5.5 Sedan (3B3) 2.8 4motion
2026-04-04 02:27:59,960 [INFO] [7901/8115] VW PASSAT B5.5 Sedan (3B3) 2.8 4motion
2026-04-04 02:29:29,777 [INFO] [8001/8115] VW TOUAREG (7P5, 7P6) 3.0 V6 TDI
2026-04-04 02:29:43,354 [INFO] [8001/8115] VW TOUAREG (7P5, 7P6) 3.0 V6 TDI
2026-04-04 02:30:51,801 [INFO] [8001/8115] VW TOUAREG (7P5, 7P6) 3.0 V6 TDI
2026-04-04 02:32:19,295 [INFO] [8101/8115] VW TRANSPORTER T6 Platform/Chassis (SFD, SFE, SFL, SFZ, SJD, SJ 2.0 TDI 4motion
2026-04-04 02:32:34,198 [INFO] [8101/8115] VW TRANSPORTER T6 Platform/Chassis (SFD, SFE, SFL, SFZ, SJD, SJ 2.0 TDI 4motion
2026-04-04 02:32:44,144 [INFO] Completed Passenger extraction!
2026-04-04 02:32:44,150 [INFO] Total rows written: 39804
2026-04-04 02:32:58,852 [INFO] Completed Passenger extraction!
2026-04-04 02:32:58,859 [INFO] Total rows written: 39804
2026-04-04 02:33:42,514 [INFO] [8101/8115] VW TRANSPORTER T6 Platform/Chassis (SFD, SFE, SFL, SFZ, SJD, SJ 2.0 TDI 4motion
2026-04-04 02:34:06,829 [INFO] Completed Passenger extraction!
2026-04-04 02:34:06,835 [INFO] Total rows written: 39804
